Determining if the pthread_create exist failed with the following output:
Change Dir: /home/sangeeta/ParMooN_torch/c_and_python/build/CMakeFiles/CMakeTmp

Run Build Command:"/usr/bin/gmake" "cmTC_76f20/fast"
/usr/bin/gmake -f CMakeFiles/cmTC_76f20.dir/build.make CMakeFiles/cmTC_76f20.dir/build
gmake[1]: Entering directory '/home/sangeeta/ParMooN_torch/c_and_python/build/CMakeFiles/CMakeTmp'
Building C object CMakeFiles/cmTC_76f20.dir/CheckSymbolExists.c.o
/usr/bin/cc     -o CMakeFiles/cmTC_76f20.dir/CheckSymbolExists.c.o   -c /home/sangeeta/ParMooN_torch/c_and_python/build/CMakeFiles/CMakeTmp/CheckSymbolExists.c
Linking C executable cmTC_76f20
/usr/bin/cmake -E cmake_link_script CMakeFiles/cmTC_76f20.dir/link.txt --verbose=1
/usr/bin/cc       CMakeFiles/cmTC_76f20.dir/CheckSymbolExists.c.o  -o cmTC_76f20 -rdynamic 
CMakeFiles/cmTC_76f20.dir/CheckSymbolExists.c.o: In function `main':
CheckSymbolExists.c:(.text+0x16): undefined reference to `pthread_create'
collect2: error: ld returned 1 exit status
CMakeFiles/cmTC_76f20.dir/build.make:97: recipe for target 'cmTC_76f20' failed
gmake[1]: *** [cmTC_76f20] Error 1
gmake[1]: Leaving directory '/home/sangeeta/ParMooN_torch/c_and_python/build/CMakeFiles/CMakeTmp'
Makefile:126: recipe for target 'cmTC_76f20/fast' failed
gmake: *** [cmTC_76f20/fast] Error 2

File /home/sangeeta/ParMooN_torch/c_and_python/build/CMakeFiles/CMakeTmp/CheckSymbolExists.c:
/* */
#include <pthread.h>

int main(int argc, char** argv)
{
  (void)argv;
#ifndef pthread_create
  return ((int*)(&pthread_create))[argc];
#else
  (void)argc;
  return 0;
#endif
}

Determining if the function pthread_create exists in the pthreads failed with the following output:
Change Dir: /home/sangeeta/ParMooN_torch/c_and_python/build/CMakeFiles/CMakeTmp

Run Build Command:"/usr/bin/gmake" "cmTC_a2be1/fast"
/usr/bin/gmake -f CMakeFiles/cmTC_a2be1.dir/build.make CMakeFiles/cmTC_a2be1.dir/build
gmake[1]: Entering directory '/home/sangeeta/ParMooN_torch/c_and_python/build/CMakeFiles/CMakeTmp'
Building C object CMakeFiles/cmTC_a2be1.dir/CheckFunctionExists.c.o
/usr/bin/cc    -DCHECK_FUNCTION_EXISTS=pthread_create   -o CMakeFiles/cmTC_a2be1.dir/CheckFunctionExists.c.o   -c /usr/share/cmake-3.5/Modules/CheckFunctionExists.c
Linking C executable cmTC_a2be1
/usr/bin/cmake -E cmake_link_script CMakeFiles/cmTC_a2be1.dir/link.txt --verbose=1
/usr/bin/cc   -DCHECK_FUNCTION_EXISTS=pthread_create    CMakeFiles/cmTC_a2be1.dir/CheckFunctionExists.c.o  -o cmTC_a2be1 -rdynamic -lpthreads 
/usr/bin/x86_64-linux-gnu-ld: cannot find -lpthreads
collect2: error: ld returned 1 exit status
CMakeFiles/cmTC_a2be1.dir/build.make:97: recipe for target 'cmTC_a2be1' failed
gmake[1]: *** [cmTC_a2be1] Error 1
gmake[1]: Leaving directory '/home/sangeeta/ParMooN_torch/c_and_python/build/CMakeFiles/CMakeTmp'
Makefile:126: recipe for target 'cmTC_a2be1/fast' failed
gmake: *** [cmTC_a2be1/fast] Error 2


